---------- Date: 2015-07-22 06:23:48 ~ IP : 189.54.21.18 ----------
REQUEST URI : /index.php?route=checkout/payment_address
MOD DETAILS:
   modFile   : /srv/httpd/alfabetoauto.com.br/alfabetoauto/public/vqmod/xml/Inove-Design-Mascaras-Busca-CEP.xml
   id        : <a style="text-decoration:none" href="http://www.inovedesign.net">InoveDesign.net - Soluções Web</a>
   version   : 1.0
   vqmver    : 2.4.0
   author    : <a href="http://www.inovedesign.net">Paulo Siquiero - inovedesign.net</a>

File Name    : catalog/view/theme/*/template/checkout/payment_address.tpl(0)
VQModObject::applyMod - SEARCH NOT FOUND (ABORTING MOD): <td><span class="required">*</span> <?php echo $entry_address_1; ?></td>
----------------------------------------------------------------------


---------- Date: 2015-07-22 06:23:49 ~ IP : 189.54.21.18 ----------
REQUEST URI : /index.php?route=checkout/shipping_address
MOD DETAILS:
   modFile   : /srv/httpd/alfabetoauto.com.br/alfabetoauto/public/vqmod/xml/Inove-Design-Mascaras-Busca-CEP.xml
   id        : <a style="text-decoration:none" href="http://www.inovedesign.net">InoveDesign.net - Soluções Web</a>
   version   : 1.0
   vqmver    : 2.4.0
   author    : <a href="http://www.inovedesign.net">Paulo Siquiero - inovedesign.net</a>

File Name    : catalog/view/theme/*/template/checkout/shipping_address.tpl(0)
VQModObject::applyMod - SEARCH NOT FOUND (ABORTING MOD): <td><span class="required">*</span> <?php echo $entry_address_1; ?></td>
----------------------------------------------------------------------


---------- Date: 2015-07-22 11:11:09 ~ IP : 179.178.85.67 ----------
REQUEST URI : /index.php?route=account/register
MOD DETAILS:
   modFile   : /srv/httpd/alfabetoauto.com.br/alfabetoauto/public/vqmod/xml/Inove-Design-Mascaras-Busca-CEP.xml
   id        : <a style="text-decoration:none" href="http://www.inovedesign.net">InoveDesign.net - Soluções Web</a>
   version   : 1.0
   vqmver    : 2.4.0
   author    : <a href="http://www.inovedesign.net">Paulo Siquiero - inovedesign.net</a>

File Name    : catalog/view/theme/*/template/account/register.tpl(0)
VQModObject::applyMod - SEARCH NOT FOUND (ABORTING MOD): <td><span class="required">*</span> <?php echo $entry_address_1; ?></td>
----------------------------------------------------------------------


---------- Date: 2015-07-22 11:11:57 ~ IP : 179.178.85.67 ----------
REQUEST URI : /index.php?route=account/register
MOD DETAILS:
   modFile   : /srv/httpd/alfabetoauto.com.br/alfabetoauto/public/vqmod/xml/Inove-Design-Mascaras-Busca-CEP.xml
   id        : <a style="text-decoration:none" href="http://www.inovedesign.net">InoveDesign.net - Soluções Web</a>
   version   : 1.0
   vqmver    : 2.4.0
   author    : <a href="http://www.inovedesign.net">Paulo Siquiero - inovedesign.net</a>

File Name    : catalog/view/theme/*/template/account/register.tpl(0)
VQModObject::applyMod - SEARCH NOT FOUND (ABORTING MOD): <td><span class="required">*</span> <?php echo $entry_address_1; ?></td>
----------------------------------------------------------------------


---------- Date: 2015-07-22 11:13:04 ~ IP : 179.178.85.67 ----------
REQUEST URI : /index.php?route=checkout/payment_address
MOD DETAILS:
   modFile   : /srv/httpd/alfabetoauto.com.br/alfabetoauto/public/vqmod/xml/Inove-Design-Mascaras-Busca-CEP.xml
   id        : <a style="text-decoration:none" href="http://www.inovedesign.net">InoveDesign.net - Soluções Web</a>
   version   : 1.0
   vqmver    : 2.4.0
   author    : <a href="http://www.inovedesign.net">Paulo Siquiero - inovedesign.net</a>

File Name    : catalog/view/theme/*/template/checkout/payment_address.tpl(0)
VQModObject::applyMod - SEARCH NOT FOUND (ABORTING MOD): <td><span class="required">*</span> <?php echo $entry_address_1; ?></td>
----------------------------------------------------------------------


---------- Date: 2015-07-22 11:13:12 ~ IP : 179.178.85.67 ----------
REQUEST URI : /index.php?route=checkout/shipping_address
MOD DETAILS:
   modFile   : /srv/httpd/alfabetoauto.com.br/alfabetoauto/public/vqmod/xml/Inove-Design-Mascaras-Busca-CEP.xml
   id        : <a style="text-decoration:none" href="http://www.inovedesign.net">InoveDesign.net - Soluções Web</a>
   version   : 1.0
   vqmver    : 2.4.0
   author    : <a href="http://www.inovedesign.net">Paulo Siquiero - inovedesign.net</a>

File Name    : catalog/view/theme/*/template/checkout/shipping_address.tpl(0)
VQModObject::applyMod - SEARCH NOT FOUND (ABORTING MOD): <td><span class="required">*</span> <?php echo $entry_address_1; ?></td>
----------------------------------------------------------------------


---------- Date: 2015-07-22 11:13:12 ~ IP : 179.178.85.67 ----------
REQUEST URI : /index.php?route=checkout/payment_address
MOD DETAILS:
   modFile   : /srv/httpd/alfabetoauto.com.br/alfabetoauto/public/vqmod/xml/Inove-Design-Mascaras-Busca-CEP.xml
   id        : <a style="text-decoration:none" href="http://www.inovedesign.net">InoveDesign.net - Soluções Web</a>
   version   : 1.0
   vqmver    : 2.4.0
   author    : <a href="http://www.inovedesign.net">Paulo Siquiero - inovedesign.net</a>

File Name    : catalog/view/theme/*/template/checkout/payment_address.tpl(0)
VQModObject::applyMod - SEARCH NOT FOUND (ABORTING MOD): <td><span class="required">*</span> <?php echo $entry_address_1; ?></td>
----------------------------------------------------------------------


---------- Date: 2015-07-22 11:13:28 ~ IP : 179.178.85.67 ----------
REQUEST URI : /index.php?route=checkout/payment_address
MOD DETAILS:
   modFile   : /srv/httpd/alfabetoauto.com.br/alfabetoauto/public/vqmod/xml/Inove-Design-Mascaras-Busca-CEP.xml
   id        : <a style="text-decoration:none" href="http://www.inovedesign.net">InoveDesign.net - Soluções Web</a>
   version   : 1.0
   vqmver    : 2.4.0
   author    : <a href="http://www.inovedesign.net">Paulo Siquiero - inovedesign.net</a>

File Name    : catalog/view/theme/*/template/checkout/payment_address.tpl(0)
VQModObject::applyMod - SEARCH NOT FOUND (ABORTING MOD): <td><span class="required">*</span> <?php echo $entry_address_1; ?></td>
----------------------------------------------------------------------


---------- Date: 2015-07-22 11:13:29 ~ IP : 179.178.85.67 ----------
REQUEST URI : /index.php?route=checkout/shipping_address
MOD DETAILS:
   modFile   : /srv/httpd/alfabetoauto.com.br/alfabetoauto/public/vqmod/xml/Inove-Design-Mascaras-Busca-CEP.xml
   id        : <a style="text-decoration:none" href="http://www.inovedesign.net">InoveDesign.net - Soluções Web</a>
   version   : 1.0
   vqmver    : 2.4.0
   author    : <a href="http://www.inovedesign.net">Paulo Siquiero - inovedesign.net</a>

File Name    : catalog/view/theme/*/template/checkout/shipping_address.tpl(0)
VQModObject::applyMod - SEARCH NOT FOUND (ABORTING MOD): <td><span class="required">*</span> <?php echo $entry_address_1; ?></td>
----------------------------------------------------------------------


---------- Date: 2015-07-22 11:17:37 ~ IP : 179.178.85.67 ----------
REQUEST URI : /index.php?route=checkout/payment_address
MOD DETAILS:
   modFile   : /srv/httpd/alfabetoauto.com.br/alfabetoauto/public/vqmod/xml/Inove-Design-Mascaras-Busca-CEP.xml
   id        : <a style="text-decoration:none" href="http://www.inovedesign.net">InoveDesign.net - Soluções Web</a>
   version   : 1.0
   vqmver    : 2.4.0
   author    : <a href="http://www.inovedesign.net">Paulo Siquiero - inovedesign.net</a>

File Name    : catalog/view/theme/*/template/checkout/payment_address.tpl(0)
VQModObject::applyMod - SEARCH NOT FOUND (ABORTING MOD): <td><span class="required">*</span> <?php echo $entry_address_1; ?></td>
----------------------------------------------------------------------


---------- Date: 2015-07-22 11:17:43 ~ IP : 179.178.85.67 ----------
REQUEST URI : /index.php?route=checkout/shipping_address
MOD DETAILS:
   modFile   : /srv/httpd/alfabetoauto.com.br/alfabetoauto/public/vqmod/xml/Inove-Design-Mascaras-Busca-CEP.xml
   id        : <a style="text-decoration:none" href="http://www.inovedesign.net">InoveDesign.net - Soluções Web</a>
   version   : 1.0
   vqmver    : 2.4.0
   author    : <a href="http://www.inovedesign.net">Paulo Siquiero - inovedesign.net</a>

File Name    : catalog/view/theme/*/template/checkout/shipping_address.tpl(0)
VQModObject::applyMod - SEARCH NOT FOUND (ABORTING MOD): <td><span class="required">*</span> <?php echo $entry_address_1; ?></td>
----------------------------------------------------------------------


---------- Date: 2015-07-22 11:17:43 ~ IP : 179.178.85.67 ----------
REQUEST URI : /index.php?route=checkout/payment_address
MOD DETAILS:
   modFile   : /srv/httpd/alfabetoauto.com.br/alfabetoauto/public/vqmod/xml/Inove-Design-Mascaras-Busca-CEP.xml
   id        : <a style="text-decoration:none" href="http://www.inovedesign.net">InoveDesign.net - Soluções Web</a>
   version   : 1.0
   vqmver    : 2.4.0
   author    : <a href="http://www.inovedesign.net">Paulo Siquiero - inovedesign.net</a>

File Name    : catalog/view/theme/*/template/checkout/payment_address.tpl(0)
VQModObject::applyMod - SEARCH NOT FOUND (ABORTING MOD): <td><span class="required">*</span> <?php echo $entry_address_1; ?></td>
----------------------------------------------------------------------


---------- Date: 2015-07-22 11:17:49 ~ IP : 179.178.85.67 ----------
REQUEST URI : /index.php?route=checkout/payment_address
MOD DETAILS:
   modFile   : /srv/httpd/alfabetoauto.com.br/alfabetoauto/public/vqmod/xml/Inove-Design-Mascaras-Busca-CEP.xml
   id        : <a style="text-decoration:none" href="http://www.inovedesign.net">InoveDesign.net - Soluções Web</a>
   version   : 1.0
   vqmver    : 2.4.0
   author    : <a href="http://www.inovedesign.net">Paulo Siquiero - inovedesign.net</a>

File Name    : catalog/view/theme/*/template/checkout/payment_address.tpl(0)
VQModObject::applyMod - SEARCH NOT FOUND (ABORTING MOD): <td><span class="required">*</span> <?php echo $entry_address_1; ?></td>
----------------------------------------------------------------------


---------- Date: 2015-07-22 11:17:49 ~ IP : 179.178.85.67 ----------
REQUEST URI : /index.php?route=checkout/shipping_address
MOD DETAILS:
   modFile   : /srv/httpd/alfabetoauto.com.br/alfabetoauto/public/vqmod/xml/Inove-Design-Mascaras-Busca-CEP.xml
   id        : <a style="text-decoration:none" href="http://www.inovedesign.net">InoveDesign.net - Soluções Web</a>
   version   : 1.0
   vqmver    : 2.4.0
   author    : <a href="http://www.inovedesign.net">Paulo Siquiero - inovedesign.net</a>

File Name    : catalog/view/theme/*/template/checkout/shipping_address.tpl(0)
VQModObject::applyMod - SEARCH NOT FOUND (ABORTING MOD): <td><span class="required">*</span> <?php echo $entry_address_1; ?></td>
----------------------------------------------------------------------


