---------- Date: 2015-07-23 01:01:49 ~ IP : 191.251.203.201 ----------
REQUEST URI : /index.php?route=account/register
MOD DETAILS:
   modFile   : /srv/httpd/alfabetoauto.com.br/alfabetoauto/public/vqmod/xml/Inove-Design-Mascaras-Busca-CEP.xml
   id        : <a style="text-decoration:none" href="http://www.inovedesign.net">InoveDesign.net - Soluções Web</a>
   version   : 1.0
   vqmver    : 2.4.0
   author    : <a href="http://www.inovedesign.net">Paulo Siquiero - inovedesign.net</a>

File Name    : catalog/view/theme/*/template/account/register.tpl(0)
VQModObject::applyMod - SEARCH NOT FOUND (ABORTING MOD): <td><span class="required">*</span> <?php echo $entry_address_1; ?></td>
----------------------------------------------------------------------


---------- Date: 2015-07-23 04:27:44 ~ IP : 177.159.15.48 ----------
REQUEST URI : /index.php?route=checkout/payment_address
MOD DETAILS:
   modFile   : /srv/httpd/alfabetoauto.com.br/alfabetoauto/public/vqmod/xml/Inove-Design-Mascaras-Busca-CEP.xml
   id        : <a style="text-decoration:none" href="http://www.inovedesign.net">InoveDesign.net - Soluções Web</a>
   version   : 1.0
   vqmver    : 2.4.0
   author    : <a href="http://www.inovedesign.net">Paulo Siquiero - inovedesign.net</a>

File Name    : catalog/view/theme/*/template/checkout/payment_address.tpl(0)
VQModObject::applyMod - SEARCH NOT FOUND (ABORTING MOD): <td><span class="required">*</span> <?php echo $entry_address_1; ?></td>
----------------------------------------------------------------------


---------- Date: 2015-07-23 04:27:46 ~ IP : 177.159.15.48 ----------
REQUEST URI : /index.php?route=checkout/shipping_address
MOD DETAILS:
   modFile   : /srv/httpd/alfabetoauto.com.br/alfabetoauto/public/vqmod/xml/Inove-Design-Mascaras-Busca-CEP.xml
   id        : <a style="text-decoration:none" href="http://www.inovedesign.net">InoveDesign.net - Soluções Web</a>
   version   : 1.0
   vqmver    : 2.4.0
   author    : <a href="http://www.inovedesign.net">Paulo Siquiero - inovedesign.net</a>

File Name    : catalog/view/theme/*/template/checkout/shipping_address.tpl(0)
VQModObject::applyMod - SEARCH NOT FOUND (ABORTING MOD): <td><span class="required">*</span> <?php echo $entry_address_1; ?></td>
----------------------------------------------------------------------


---------- Date: 2015-07-23 04:35:59 ~ IP : 177.159.15.48 ----------
REQUEST URI : /index.php?route=checkout/payment_address
MOD DETAILS:
   modFile   : /srv/httpd/alfabetoauto.com.br/alfabetoauto/public/vqmod/xml/Inove-Design-Mascaras-Busca-CEP.xml
   id        : <a style="text-decoration:none" href="http://www.inovedesign.net">InoveDesign.net - Soluções Web</a>
   version   : 1.0
   vqmver    : 2.4.0
   author    : <a href="http://www.inovedesign.net">Paulo Siquiero - inovedesign.net</a>

File Name    : catalog/view/theme/*/template/checkout/payment_address.tpl(0)
VQModObject::applyMod - SEARCH NOT FOUND (ABORTING MOD): <td><span class="required">*</span> <?php echo $entry_address_1; ?></td>
----------------------------------------------------------------------


---------- Date: 2015-07-23 04:42:26 ~ IP : 177.159.15.48 ----------
REQUEST URI : /index.php?route=checkout/payment_address
MOD DETAILS:
   modFile   : /srv/httpd/alfabetoauto.com.br/alfabetoauto/public/vqmod/xml/Inove-Design-Mascaras-Busca-CEP.xml
   id        : <a style="text-decoration:none" href="http://www.inovedesign.net">InoveDesign.net - Soluções Web</a>
   version   : 1.0
   vqmver    : 2.4.0
   author    : <a href="http://www.inovedesign.net">Paulo Siquiero - inovedesign.net</a>

File Name    : catalog/view/theme/*/template/checkout/payment_address.tpl(0)
VQModObject::applyMod - SEARCH NOT FOUND (ABORTING MOD): <td><span class="required">*</span> <?php echo $entry_address_1; ?></td>
----------------------------------------------------------------------


---------- Date: 2015-07-23 04:43:57 ~ IP : 177.159.15.48 ----------
REQUEST URI : /index.php?route=account/address/update&amp;address_id=82
MOD DETAILS:
   modFile   : /srv/httpd/alfabetoauto.com.br/alfabetoauto/public/vqmod/xml/Inove-Design-Mascaras-Busca-CEP.xml
   id        : <a style="text-decoration:none" href="http://www.inovedesign.net">InoveDesign.net - Soluções Web</a>
   version   : 1.0
   vqmver    : 2.4.0
   author    : <a href="http://www.inovedesign.net">Paulo Siquiero - inovedesign.net</a>

File Name    : catalog/view/theme/*/template/account/address_form.tpl(0)
VQModObject::applyMod - SEARCH NOT FOUND (ABORTING MOD): <td><span class="required">*</span> <?php echo $entry_address_1; ?></td>
----------------------------------------------------------------------


---------- Date: 2015-07-23 04:46:04 ~ IP : 177.159.15.48 ----------
REQUEST URI : /index.php?route=checkout/payment_address
MOD DETAILS:
   modFile   : /srv/httpd/alfabetoauto.com.br/alfabetoauto/public/vqmod/xml/Inove-Design-Mascaras-Busca-CEP.xml
   id        : <a style="text-decoration:none" href="http://www.inovedesign.net">InoveDesign.net - Soluções Web</a>
   version   : 1.0
   vqmver    : 2.4.0
   author    : <a href="http://www.inovedesign.net">Paulo Siquiero - inovedesign.net</a>

File Name    : catalog/view/theme/*/template/checkout/payment_address.tpl(0)
VQModObject::applyMod - SEARCH NOT FOUND (ABORTING MOD): <td><span class="required">*</span> <?php echo $entry_address_1; ?></td>
----------------------------------------------------------------------


---------- Date: 2015-07-23 04:46:32 ~ IP : 177.159.15.48 ----------
REQUEST URI : /index.php?route=checkout/shipping_address
MOD DETAILS:
   modFile   : /srv/httpd/alfabetoauto.com.br/alfabetoauto/public/vqmod/xml/Inove-Design-Mascaras-Busca-CEP.xml
   id        : <a style="text-decoration:none" href="http://www.inovedesign.net">InoveDesign.net - Soluções Web</a>
   version   : 1.0
   vqmver    : 2.4.0
   author    : <a href="http://www.inovedesign.net">Paulo Siquiero - inovedesign.net</a>

File Name    : catalog/view/theme/*/template/checkout/shipping_address.tpl(0)
VQModObject::applyMod - SEARCH NOT FOUND (ABORTING MOD): <td><span class="required">*</span> <?php echo $entry_address_1; ?></td>
----------------------------------------------------------------------


---------- Date: 2015-07-23 04:46:32 ~ IP : 177.159.15.48 ----------
REQUEST URI : /index.php?route=checkout/payment_address
MOD DETAILS:
   modFile   : /srv/httpd/alfabetoauto.com.br/alfabetoauto/public/vqmod/xml/Inove-Design-Mascaras-Busca-CEP.xml
   id        : <a style="text-decoration:none" href="http://www.inovedesign.net">InoveDesign.net - Soluções Web</a>
   version   : 1.0
   vqmver    : 2.4.0
   author    : <a href="http://www.inovedesign.net">Paulo Siquiero - inovedesign.net</a>

File Name    : catalog/view/theme/*/template/checkout/payment_address.tpl(0)
VQModObject::applyMod - SEARCH NOT FOUND (ABORTING MOD): <td><span class="required">*</span> <?php echo $entry_address_1; ?></td>
----------------------------------------------------------------------


---------- Date: 2015-07-23 04:46:54 ~ IP : 177.159.15.48 ----------
REQUEST URI : /index.php?route=checkout/payment_address
MOD DETAILS:
   modFile   : /srv/httpd/alfabetoauto.com.br/alfabetoauto/public/vqmod/xml/Inove-Design-Mascaras-Busca-CEP.xml
   id        : <a style="text-decoration:none" href="http://www.inovedesign.net">InoveDesign.net - Soluções Web</a>
   version   : 1.0
   vqmver    : 2.4.0
   author    : <a href="http://www.inovedesign.net">Paulo Siquiero - inovedesign.net</a>

File Name    : catalog/view/theme/*/template/checkout/payment_address.tpl(0)
VQModObject::applyMod - SEARCH NOT FOUND (ABORTING MOD): <td><span class="required">*</span> <?php echo $entry_address_1; ?></td>
----------------------------------------------------------------------


---------- Date: 2015-07-23 04:46:56 ~ IP : 177.159.15.48 ----------
REQUEST URI : /index.php?route=checkout/shipping_address
MOD DETAILS:
   modFile   : /srv/httpd/alfabetoauto.com.br/alfabetoauto/public/vqmod/xml/Inove-Design-Mascaras-Busca-CEP.xml
   id        : <a style="text-decoration:none" href="http://www.inovedesign.net">InoveDesign.net - Soluções Web</a>
   version   : 1.0
   vqmver    : 2.4.0
   author    : <a href="http://www.inovedesign.net">Paulo Siquiero - inovedesign.net</a>

File Name    : catalog/view/theme/*/template/checkout/shipping_address.tpl(0)
VQModObject::applyMod - SEARCH NOT FOUND (ABORTING MOD): <td><span class="required">*</span> <?php echo $entry_address_1; ?></td>
----------------------------------------------------------------------


---------- Date: 2015-07-23 13:02:56 ~ IP : 186.210.115.137 ----------
REQUEST URI : /index.php?route=account/register
MOD DETAILS:
   modFile   : /srv/httpd/alfabetoauto.com.br/alfabetoauto/public/vqmod/xml/Inove-Design-Mascaras-Busca-CEP.xml
   id        : <a style="text-decoration:none" href="http://www.inovedesign.net">InoveDesign.net - Soluções Web</a>
   version   : 1.0
   vqmver    : 2.4.0
   author    : <a href="http://www.inovedesign.net">Paulo Siquiero - inovedesign.net</a>

File Name    : catalog/view/theme/*/template/account/register.tpl(0)
VQModObject::applyMod - SEARCH NOT FOUND (ABORTING MOD): <td><span class="required">*</span> <?php echo $entry_address_1; ?></td>
----------------------------------------------------------------------


---------- Date: 2015-07-23 22:22:00 ~ IP : 191.63.207.187 ----------
REQUEST URI : /index.php?route=checkout/payment_address
MOD DETAILS:
   modFile   : /srv/httpd/alfabetoauto.com.br/alfabetoauto/public/vqmod/xml/Inove-Design-Mascaras-Busca-CEP.xml
   id        : <a style="text-decoration:none" href="http://www.inovedesign.net">InoveDesign.net - Soluções Web</a>
   version   : 1.0
   vqmver    : 2.4.0
   author    : <a href="http://www.inovedesign.net">Paulo Siquiero - inovedesign.net</a>

File Name    : catalog/view/theme/*/template/checkout/payment_address.tpl(0)
VQModObject::applyMod - SEARCH NOT FOUND (ABORTING MOD): <td><span class="required">*</span> <?php echo $entry_address_1; ?></td>
----------------------------------------------------------------------


---------- Date: 2015-07-23 22:22:00 ~ IP : 191.63.207.187 ----------
REQUEST URI : /index.php?route=checkout/shipping_address
MOD DETAILS:
   modFile   : /srv/httpd/alfabetoauto.com.br/alfabetoauto/public/vqmod/xml/Inove-Design-Mascaras-Busca-CEP.xml
   id        : <a style="text-decoration:none" href="http://www.inovedesign.net">InoveDesign.net - Soluções Web</a>
   version   : 1.0
   vqmver    : 2.4.0
   author    : <a href="http://www.inovedesign.net">Paulo Siquiero - inovedesign.net</a>

File Name    : catalog/view/theme/*/template/checkout/shipping_address.tpl(0)
VQModObject::applyMod - SEARCH NOT FOUND (ABORTING MOD): <td><span class="required">*</span> <?php echo $entry_address_1; ?></td>
----------------------------------------------------------------------


